\BOOKMARK [0][-]{dummy.1}{\376\377\000D\000e\000c\000l\000a\000r\000a\000t\000i\000o\000n\000\040\000o\000f\000\040\000A\000u\000t\000h\000o\000r\000s\000h\000i\000p}{}% 1
\BOOKMARK [0][-]{dummy.2}{\376\377\000A\000b\000s\000t\000r\000a\000c\000t}{}% 2
\BOOKMARK [0][-]{dummy.3}{\376\377\000A\000c\000k\000n\000o\000w\000l\000e\000d\000g\000e\000m\000e\000n\000t\000s}{}% 3
\BOOKMARK [0][-]{dummy.5}{\376\377\000L\000i\000s\000t\000\040\000o\000f\000\040\000F\000i\000g\000u\000r\000e\000s}{}% 4
\BOOKMARK [0][-]{dummy.7}{\376\377\000L\000i\000s\000t\000\040\000o\000f\000\040\000T\000a\000b\000l\000e\000s}{}% 5
\BOOKMARK [0][-]{dummy.9}{\376\377\000A\000b\000b\000r\000e\000v\000i\000a\000t\000i\000o\000n\000s}{}% 6
\BOOKMARK [0][-]{dummy.12}{\376\377\000P\000h\000y\000s\000i\000c\000a\000l\000\040\000C\000o\000n\000s\000t\000a\000n\000t\000s}{}% 7
\BOOKMARK [0][-]{dummy.15}{\376\377\000S\000y\000m\000b\000o\000l\000s}{}% 8
\BOOKMARK [0][-]{chapter.18}{\376\377\0001\000\040\000I\000n\000t\000r\000o\000d\000u\000c\000t\000i\000o\000n}{}% 9
\BOOKMARK [1][-]{section.19}{\376\377\0001\000.\0001\000\040\000I\000n\000t\000r\000o\000d\000u\000c\000t\000i\000o\000n}{chapter.18}% 10
\BOOKMARK [1][-]{section.20}{\376\377\0001\000.\0002\000\040\000M\000a\000p\000R\000e\000d\000u\000c\000e}{chapter.18}% 11
\BOOKMARK [1][-]{section.21}{\376\377\0001\000.\0003\000\040\000\040\000H\000a\000d\000o\000o\000p}{chapter.18}% 12
\BOOKMARK [2][-]{subsection.22}{\376\377\0001\000.\0003\000.\0001\000\040\000H\000a\000d\000o\000o\000p\000\040\000D\000i\000s\000t\000r\000i\000b\000u\000t\000e\000d\000\040\000F\000i\000l\000e\000\040\000S\000y\000s\000t\000e\000m\000\040\000\050\000H\000D\000F\000S\000\051}{section.21}% 13
\BOOKMARK [2][-]{subsection.23}{\376\377\0001\000.\0003\000.\0002\000\040\000H\000D\000F\000S\000\040\000B\000l\000o\000c\000k\000s}{section.21}% 14
\BOOKMARK [2][-]{subsection.24}{\376\377\0001\000.\0003\000.\0003\000\040\000N\000a\000m\000e\000n\000o\000d\000e\000\040\000a\000n\000d\000\040\000D\000a\000t\000a\000n\000o\000d\000e}{section.21}% 15
\BOOKMARK [2][-]{subsection.25}{\376\377\0001\000.\0003\000.\0004\000\040\000F\000o\000l\000d\000e\000r\000s}{section.21}% 16
\BOOKMARK [2][-]{subsection.26}{\376\377\0001\000.\0003\000.\0005\000\040\000F\000i\000l\000e\000s}{section.21}% 17
\BOOKMARK [1][-]{section.27}{\376\377\0001\000.\0004\000\040\000F\000i\000l\000l\000i\000n\000g\000\040\000i\000n\000\040\000t\000h\000e\000\040\000`\000T\000h\000e\000s\000i\000s\000.\000c\000l\000s\000'\000\040\000F\000i\000l\000e}{chapter.18}% 18
\BOOKMARK [1][-]{section.28}{\376\377\0001\000.\0005\000\040\000T\000h\000e\000\040\000`\000T\000h\000e\000s\000i\000s\000.\000t\000e\000x\000'\000\040\000F\000i\000l\000e\000\040\000E\000x\000p\000l\000a\000i\000n\000e\000d}{chapter.18}% 19
\BOOKMARK [1][-]{section.29}{\376\377\0001\000.\0006\000\040\000T\000h\000e\000s\000i\000s\000\040\000F\000e\000a\000t\000u\000r\000e\000s\000\040\000a\000n\000d\000\040\000C\000o\000n\000v\000e\000n\000t\000i\000o\000n\000s}{chapter.18}% 20
\BOOKMARK [2][-]{subsection.30}{\376\377\0001\000.\0006\000.\0001\000\040\000P\000r\000i\000n\000t\000i\000n\000g\000\040\000F\000o\000r\000m\000a\000t}{section.29}% 21
\BOOKMARK [2][-]{subsection.31}{\376\377\0001\000.\0006\000.\0002\000\040\000U\000s\000i\000n\000g\000\040\000U\000S\000\040\000L\000e\000t\000t\000e\000r\000\040\000P\000a\000p\000e\000r}{section.29}% 22
\BOOKMARK [2][-]{subsection.32}{\376\377\0001\000.\0006\000.\0003\000\040\000R\000e\000f\000e\000r\000e\000n\000c\000e\000s}{section.29}% 23
\BOOKMARK [2][-]{subsection.34}{\376\377\0001\000.\0006\000.\0004\000\040\000F\000i\000g\000u\000r\000e\000s}{section.29}% 24
\BOOKMARK [2][-]{subsection.36}{\376\377\0001\000.\0006\000.\0005\000\040\000T\000y\000p\000e\000s\000e\000t\000t\000i\000n\000g\000\040\000m\000a\000t\000h\000e\000m\000a\000t\000i\000c\000s}{section.29}% 25
\BOOKMARK [1][-]{section.38}{\376\377\0001\000.\0007\000\040\000S\000e\000c\000t\000i\000o\000n\000i\000n\000g\000\040\000a\000n\000d\000\040\000S\000u\000b\000s\000e\000c\000t\000i\000o\000n\000i\000n\000g}{chapter.18}% 26
\BOOKMARK [1][-]{section.39}{\376\377\0001\000.\0008\000\040\000I\000n\000\040\000C\000l\000o\000s\000i\000n\000g}{chapter.18}% 27
\BOOKMARK [0][-]{chapter.40}{\376\377\0002\000\040\000R\000e\000l\000a\000t\000e\000d\000\040\000W\000o\000r\000k}{}% 28
\BOOKMARK [1][-]{section.41}{\376\377\0002\000.\0001\000\040\000B\000a\000c\000k\000g\000r\000o\000u\000n\000d}{chapter.40}% 29
\BOOKMARK [2][-]{subsection.42}{\376\377\0002\000.\0001\000.\0001\000\040\000M\000a\000p\000R\000e\000d\000u\000c\000e}{section.41}% 30
\BOOKMARK [1][-]{section.43}{\376\377\0002\000.\0002\000\040\000\040\000H\000a\000d\000o\000o\000p}{chapter.40}% 31
\BOOKMARK [2][-]{subsection.44}{\376\377\0002\000.\0002\000.\0001\000\040\000H\000a\000d\000o\000o\000p\000\040\000D\000i\000s\000t\000r\000i\000b\000u\000t\000e\000d\000\040\000F\000i\000l\000e\000\040\000S\000y\000s\000t\000e\000m\000\040\000\050\000H\000D\000F\000S\000\051}{section.43}% 32
\BOOKMARK [2][-]{subsection.45}{\376\377\0002\000.\0002\000.\0002\000\040\000H\000D\000F\000S\000\040\000B\000l\000o\000c\000k\000s}{section.43}% 33
\BOOKMARK [2][-]{subsection.46}{\376\377\0002\000.\0002\000.\0003\000\040\000N\000a\000m\000e\000n\000o\000d\000e\000\040\000a\000n\000d\000\040\000D\000a\000t\000a\000n\000o\000d\000e}{section.43}% 34
\BOOKMARK [1][-]{section.47}{\376\377\0002\000.\0003\000\040\000H\000a\000d\000o\000o\000p\000\040\000O\000p\000t\000i\000m\000i\000z\000a\000t\000i\000o\000n\000s}{chapter.40}% 35
\BOOKMARK [2][-]{subsection.48}{\376\377\0002\000.\0003\000.\0001\000\040\000S\000p\000e\000c\000u\000l\000a\000t\000i\000v\000e\000\040\000E\000x\000e\000c\000u\000t\000i\000o\000n}{section.47}% 36
\BOOKMARK [2][-]{subsection.49}{\376\377\0002\000.\0003\000.\0002\000\040\000L\000A\000T\000E\000\040\000S\000c\000h\000e\000d\000u\000l\000e\000r}{section.47}% 37
\BOOKMARK [2][-]{subsection.50}{\376\377\0002\000.\0003\000.\0003\000\040\000A\000d\000v\000a\000n\000t\000a\000g\000e\000s\000\040\000o\000f\000\040\000L\000A\000T\000E}{section.47}% 38
\BOOKMARK [2][-]{subsection.51}{\376\377\0002\000.\0003\000.\0004\000\040\000R\000e\000f\000e\000r\000e\000n\000c\000e\000s}{section.47}% 39
\BOOKMARK [2][-]{subsection.53}{\376\377\0002\000.\0003\000.\0005\000\040\000F\000i\000g\000u\000r\000e\000s}{section.47}% 40
\BOOKMARK [2][-]{subsection.55}{\376\377\0002\000.\0003\000.\0006\000\040\000T\000y\000p\000e\000s\000e\000t\000t\000i\000n\000g\000\040\000m\000a\000t\000h\000e\000m\000a\000t\000i\000c\000s}{section.47}% 41
\BOOKMARK [1][-]{section.57}{\376\377\0002\000.\0004\000\040\000S\000e\000c\000t\000i\000o\000n\000i\000n\000g\000\040\000a\000n\000d\000\040\000S\000u\000b\000s\000e\000c\000t\000i\000o\000n\000i\000n\000g}{chapter.40}% 42
\BOOKMARK [1][-]{section.58}{\376\377\0002\000.\0005\000\040\000I\000n\000\040\000C\000l\000o\000s\000i\000n\000g}{chapter.40}% 43
\BOOKMARK [0][-]{chapter.59}{\376\377\0003\000\040\000E\000x\000p\000e\000r\000i\000m\000e\000n\000t\000a\000l\000\040\000E\000n\000v\000i\000r\000o\000n\000m\000e\000n\000t}{}% 44
\BOOKMARK [1][-]{section.60}{\376\377\0003\000.\0001\000\040\000I\000n\000t\000r\000o\000d\000u\000c\000t\000i\000o\000n}{chapter.59}% 45
\BOOKMARK [2][-]{subsection.61}{\376\377\0003\000.\0001\000.\0001\000\040\000P\000h\000y\000s\000i\000c\000a\000l\000\040\000R\000e\000s\000o\000u\000r\000c\000e\000s}{section.60}% 46
\BOOKMARK [2][-]{subsection.62}{\376\377\0003\000.\0001\000.\0002\000\040\000T\000e\000r\000a\000s\000o\000r\000t}{section.60}% 47
\BOOKMARK [1][-]{section.63}{\376\377\0003\000.\0002\000\040\000M\000a\000i\000n\000\040\000S\000e\000c\000t\000i\000o\000n\000\040\0002}{chapter.59}% 48
\BOOKMARK [0][-]{chapter.64}{\376\377\0004\000\040\000C\000h\000a\000p\000t\000e\000r\000\040\000T\000i\000t\000l\000e\000\040\000H\000e\000r\000e}{}% 49
\BOOKMARK [1][-]{section.65}{\376\377\0004\000.\0001\000\040\000M\000a\000i\000n\000\040\000S\000e\000c\000t\000i\000o\000n\000\040\0001}{chapter.64}% 50
\BOOKMARK [2][-]{subsection.66}{\376\377\0004\000.\0001\000.\0001\000\040\000S\000u\000b\000s\000e\000c\000t\000i\000o\000n\000\040\0001}{section.65}% 51
\BOOKMARK [2][-]{subsection.67}{\376\377\0004\000.\0001\000.\0002\000\040\000S\000u\000b\000s\000e\000c\000t\000i\000o\000n\000\040\0002}{section.65}% 52
\BOOKMARK [1][-]{section.68}{\376\377\0004\000.\0002\000\040\000M\000a\000i\000n\000\040\000S\000e\000c\000t\000i\000o\000n\000\040\0002}{chapter.64}% 53
\BOOKMARK [0][-]{appendix.69}{\376\377\000A\000\040\000A\000p\000p\000e\000n\000d\000i\000x\000\040\000T\000i\000t\000l\000e\000\040\000H\000e\000r\000e}{}% 54
